\BOOKMARK [0][-]{chapter*.1}{\376\377\000L\036\335\000i\000\040\000c\000a\000m\000\040\001\021\000o\000a\000n}{}% 1
\BOOKMARK [0][-]{chapter*.2}{\376\377\000L\036\335\000i\000\040\000c\036\243\000m\000\040\001\241\000n}{}% 2
\BOOKMARK [0][-]{chapter*.2}{\376\377\000D\000a\000n\000h\000\040\000s\000\341\000c\000h\000\040\000h\000\354\000n\000h\000\040\000v\036\275}{}% 3
\BOOKMARK [0][-]{chapter*.5}{\376\377\000M\036\337\000\040\001\021\036\247\000u}{}% 4
\BOOKMARK [0][-]{chapter.1}{\376\377\000K\000h\000\341\000i\000\040\000q\000u\000\341\000t\000\040\000v\036\301\000\040\000C\000N\000N\000\040\000v\000\340\000\040\000b\000\340\000i\000\040\000t\000o\000\341\000n\000\040\000c\000h\000u\036\251\000n\000\040\001\021\000o\000\341\000n\000\040\000b\036\307\000n\000h\000\040\000l\000a\000o\000.}{}% 5
\BOOKMARK [1][-]{section.1.1}{\376\377\000K\000h\000\341\000i\000\040\000q\000u\000\341\000t\000\040\000v\036\301\000\040\000C\000N\000N}{chapter.1}% 6
\BOOKMARK [2][-]{subsection.1.1.1}{\376\377\000G\000i\036\333\000i\000\040\000t\000h\000i\036\307\000u}{section.1.1}% 7
\BOOKMARK [2][-]{subsection.1.1.2}{\376\377\000K\000i\036\277\000n\000\040\000t\000r\000\372\000c\000\040\000m\036\241\000n\000g\000\040\000C\000N\000N}{section.1.1}% 8
\BOOKMARK [2][-]{subsection.1.1.3}{\376\377\036\350\000n\000g\000\040\000d\036\345\000n\000g\000\040\000C\000N\000N\000\040\000t\000r\000o\000n\000g\000\040\000p\000h\000\342\000n\000\040\000l\000o\036\241\000i\000\040\036\243\000n\000h}{section.1.1}% 9
\BOOKMARK [2][-]{subsection.1.1.4}{\376\377\000X\000\342\000y\000\040\000d\036\361\000n\000g\000\040\000m\036\241\000n\000g\000\040\000C\000N\000N\000\040\000c\000h\000o\000\040\000p\000h\000\342\000n\000\040\000l\000o\036\241\000i\000\040\036\243\000n\000h}{section.1.1}% 10
\BOOKMARK [1][-]{section.1.2}{\376\377\000B\000\340\000i\000\040\000t\000o\000\341\000n\000\040\000c\000h\000u\036\251\000n\000\040\001\021\000o\000\341\000n\000\040\000b\036\307\000n\000h\000\040\000l\000a\000o}{chapter.1}% 11
\BOOKMARK [2][-]{subsection.1.2.1}{\376\377\000C\000\341\000c\000\040\000d\036\357\000\040\000l\000i\036\307\000u\000\040\001\021\036\303\000\040\000c\000h\000u\036\251\000n\000\040\001\021\000o\000\341\000n\000\040\000b\036\307\000n\000h\000\040\000l\000a\000o}{section.1.2}% 12
\BOOKMARK [2][-]{subsection.1.2.2}{\376\377\000M\000\364\000\040\000t\036\243\000\040\000b\000\340\000i\000\040\000t\000o\000\341\000n}{section.1.2}% 13
\BOOKMARK [0][-]{chapter.2}{\376\377\000M\036\331\000t\000\040\000s\036\321\000\040\000m\000\364\000\040\000h\000\354\000n\000h\000\040\000h\036\327\000\040\000t\000r\036\343\000\040\000c\000h\000u\036\251\000n\000\040\001\021\000o\000\341\000n\000.}{}% 14
\BOOKMARK [1][-]{section.2.1}{\376\377\000V\000G\000G\000-\0001\0006}{chapter.2}% 15
\BOOKMARK [2][-]{subsection.2.1.1}{\376\377\000V\000G\000G\0001\0006\000\040\000l\000\340\000\040\000g\000\354}{section.2.1}% 16
\BOOKMARK [2][-]{subsection.2.1.2}{\376\377\000K\000i\036\277\000n\000\040\000t\000r\000\372\000c\000\040\000V\000G\000G\0001\0006}{section.2.1}% 17
\BOOKMARK [2][-]{subsection.2.1.3}{\376\377\000C\000\340\000i\000\040\001\021\036\267\000t\000\040\000V\000G\000G\0001\0006}{section.2.1}% 18
\BOOKMARK [2][-]{subsection.2.1.4}{\376\377\001\257\000u\000\040\000n\000h\001\260\036\343\000c\000\040\001\021\000i\036\303\000m\000\040\000c\036\347\000a\000\040\000V\000G\000G\0001\0006}{section.2.1}% 19
\BOOKMARK [1][-]{section.2.2}{\376\377\000R\000e\000s\000N\000e\000t}{chapter.2}% 20
\BOOKMARK [2][-]{subsection.2.2.1}{\376\377\000R\000e\000s\000n\000e\000t\000\040\000l\000\340\000\040\000g\000\354}{section.2.2}% 21
\BOOKMARK [2][-]{subsection.2.2.2}{\376\377\000K\000i\036\277\000n\000\040\000t\000r\000\372\000c\000\040\000c\036\347\000a\000\040\000R\000e\000s\000n\000e\000t}{section.2.2}% 22
\BOOKMARK [2][-]{subsection.2.2.3}{\376\377\000C\000\340\000i\000\040\001\021\036\267\000t\000\040\000R\000e\000s\000n\000e\000t}{section.2.2}% 23
\BOOKMARK [2][-]{subsection.2.2.4}{\376\377\001\257\000u\000\040\000n\000h\001\260\036\343\000c\000\040\001\021\000i\036\303\000m\000\040\000c\036\347\000a\000\040\000R\000e\000s\000N\000e\000t}{section.2.2}% 24
\BOOKMARK [1][-]{section.2.3}{\376\377\000D\000e\000n\000s\000e\000N\000e\000t}{chapter.2}% 25
\BOOKMARK [2][-]{subsection.2.3.1}{\376\377\000D\000e\000n\000s\000e\000N\000e\000t\000\040\000l\000\340\000\040\000g\000\354}{section.2.3}% 26
\BOOKMARK [2][-]{subsection.2.3.2}{\376\377\000K\000i\036\277\000n\000\040\000t\000r\000\372\000c\000\040\000c\036\347\000a\000\040\000D\000e\000n\000s\000e\000N\000e\000t}{section.2.3}% 27
\BOOKMARK [2][-]{subsection.2.3.3}{\376\377\000C\000\340\000i\000\040\001\021\036\267\000t\000\040\000D\000e\000n\000s\000e\000N\000e\000t}{section.2.3}% 28
\BOOKMARK [2][-]{subsection.2.3.4}{\376\377\001\257\000u\000\040\000n\000h\001\260\036\343\000c\000\040\001\021\000i\036\303\000m\000\040\000c\036\347\000a\000\040\000D\000e\000n\000s\000e\000N\000e\000t}{section.2.3}% 29
\BOOKMARK [0][-]{chapter.3}{\376\377\000C\000h\001\260\001\241\000n\000g\000\040\000t\000r\000\354\000n\000h\000\040\000t\000h\036\355\000\040\000n\000g\000h\000i\036\307\000m\000.}{}% 30
\BOOKMARK [1][-]{section.3.1}{\376\377\000P\000h\000\342\000n\000\040\000t\000\355\000c\000h\000\040\000y\000\352\000u\000\040\000c\036\247\000u\000\040\000b\000\340\000i\000\040\000t\000o\000\341\000n}{chapter.3}% 31
\BOOKMARK [1][-]{section.3.2}{\376\377\000P\000h\000\342\000n\000\040\000t\000\355\000c\000h\000\040\000l\036\361\000a\000\040\000c\000h\036\315\000n\000\040\000c\000\364\000n\000g\000\040\000c\036\345}{chapter.3}% 32
\BOOKMARK [2][-]{subsection.3.2.1}{\376\377\000L\036\361\000a\000\040\000c\000h\036\315\000n\000\040\000m\000\364\000\040\000h\000\354\000n\000h\000\040\001\021\000\343\000\040\000h\036\307\000\040\000t\000h\036\321\000n\000g\000\040\000h\000\363\000a}{section.3.2}% 33
\BOOKMARK [2][-]{subsection.3.2.2}{\376\377\000P\000h\000\342\000n\000\040\000t\000\355\000c\000h\000\040\000m\000\364\000\040\000h\000\354\000n\000h\000\040\000h\036\307\000\040\000t\000h\036\321\000n\000g}{section.3.2}% 34
\BOOKMARK [1][-]{section.3.3}{\376\377\000M\036\331\000t\000\040\000s\036\321\000\040\000k\036\277\000t\000\040\000q\000u\036\243\000\040\000c\000h\001\260\001\241\000n\000g\000\040\000t\000r\000\354\000n\000h}{chapter.3}% 35
\BOOKMARK [2][-]{subsection.3.3.1}{\376\377\000M\036\331\000t\000\040\000s\036\321\000\040\000g\000i\000a\000o\000\040\000d\000i\036\307\000n\000\040\000c\000h\000\355\000n\000h\000\040\000c\036\347\000a\000\040\000c\000h\001\260\001\241\000n\000g\000\040\000t\000r\000\354\000n\000h}{section.3.3}% 36
\BOOKMARK [2][-]{subsection.3.3.2}{\376\377\000M\036\331\000t\000\040\000s\036\321\000\040\000c\000h\036\351\000c\000\040\000n\001\003\000n\000g\000\040\000c\000h\000\355\000n\000h\000\040\000c\036\347\000a\000\040\000c\000h\001\260\001\241\000n\000g\000\040\000t\000r\000\354\000n\000h}{section.3.3}% 37
\BOOKMARK [2][-]{subsection.3.3.3}{\376\377\000M\036\331\000t\000\040\000s\036\321\000\040\000m\036\331\000t\000\040\000s\036\321\000\040\000c\000a\000\040\000p\000h\000\342\000n\000\040\000l\000o\036\241\000i\000\040\001\021\001\260\036\343\000c\000\040\000t\000h\036\361\000c\000\040\000h\000i\036\307\000n\000\040\000b\036\337\000i\000\040\000c\000h\001\260\001\241\000n\000g\000\040\000t\000r\000\354\000n\000h}{section.3.3}% 38
\BOOKMARK [0][-]{chapter*.6}{\376\377\000K\036\277\000t\000\040\000l\000u\036\255\000n}{}% 39
\BOOKMARK [0][-]{chapter*.6}{\376\377\000T\000\340\000i\000\040\000l\000i\036\307\000u\000\040\000t\000h\000a\000m\000\040\000k\000h\036\243\000o}{}% 40
